[0.304s] Invoking command in '/home/cyberdev/ros2_ws/build/my_robot_controller': PYTHONPATH=/home/cyberdev/ros2_ws/build/my_robot_controller/prefix_override:/usr/lib/python3/dist-packages/colcon_core/task/python/colcon_distutils_commands:/home/cyberdev/ros2_ws/install/my_robot_controller/lib/python3.10/site-packages:${PYTHONPATH} /usr/bin/python3 -W ignore:setup.py install is deprecated setup.py develop --editable --build-directory /home/cyberdev/ros2_ws/build/my_robot_controller/build --no-deps symlink_data
[0.403s] running develop
[0.404s] /usr/lib/python3/dist-packages/setuptools/command/easy_install.py:158: EasyInstallDeprecationWarning: easy_install command is deprecated. Use build and pip and other standards-based tools.
[0.404s]   warnings.warn(
[0.459s] running egg_info
[0.459s] writing my_robot_controller.egg-info/PKG-INFO
[0.459s] writing dependency_links to my_robot_controller.egg-info/dependency_links.txt
[0.459s] writing entry points to my_robot_controller.egg-info/entry_points.txt
[0.460s] writing requirements to my_robot_controller.egg-info/requires.txt
[0.460s] writing top-level names to my_robot_controller.egg-info/top_level.txt
[0.460s] reading manifest file 'my_robot_controller.egg-info/SOURCES.txt'
[0.461s] writing manifest file 'my_robot_controller.egg-info/SOURCES.txt'
[0.461s] running build_ext
[0.462s] Creating /home/cyberdev/ros2_ws/install/my_robot_controller/lib/python3.10/site-packages/my-robot-controller.egg-link (link to .)
[0.462s] Installing draw_circle script to /home/cyberdev/ros2_ws/install/my_robot_controller/lib/my_robot_controller
[0.462s] Installing pose_subscriber script to /home/cyberdev/ros2_ws/install/my_robot_controller/lib/my_robot_controller
[0.462s] Installing test_node script to /home/cyberdev/ros2_ws/install/my_robot_controller/lib/my_robot_controller
[0.462s] Installing turtle_controller script to /home/cyberdev/ros2_ws/install/my_robot_controller/lib/my_robot_controller
[0.462s] 
[0.462s] Installed /home/cyberdev/ros2_ws/build/my_robot_controller
[0.462s] running symlink_data
[0.475s] Invoked command in '/home/cyberdev/ros2_ws/build/my_robot_controller' returned '0': PYTHONPATH=/home/cyberdev/ros2_ws/build/my_robot_controller/prefix_override:/usr/lib/python3/dist-packages/colcon_core/task/python/colcon_distutils_commands:/home/cyberdev/ros2_ws/install/my_robot_controller/lib/python3.10/site-packages:${PYTHONPATH} /usr/bin/python3 -W ignore:setup.py install is deprecated setup.py develop --editable --build-directory /home/cyberdev/ros2_ws/build/my_robot_controller/build --no-deps symlink_data
