[0.243s] Invoking command in '/home/cyberdev/ros2_ws/build/my_robot_controller': PYTHONPATH=/home/cyberdev/ros2_ws/build/my_robot_controller/prefix_override:/usr/lib/python3/dist-packages/colcon_core/task/python/colcon_distutils_commands:/home/cyberdev/ros2_ws/install/my_robot_controller/lib/python3.10/site-packages:${PYTHONPATH} /usr/bin/python3 -W ignore:setup.py install is deprecated setup.py develop --editable --build-directory /home/cyberdev/ros2_ws/build/my_robot_controller/build --no-deps symlink_data --force
[0.343s] running develop
[0.345s] /usr/lib/python3/dist-packages/setuptools/command/easy_install.py:158: EasyInstallDeprecationWarning: easy_install command is deprecated. Use build and pip and other standards-based tools.
[0.345s]   warnings.warn(
[0.398s] running egg_info
[0.398s] writing my_robot_controller.egg-info/PKG-INFO
[0.398s] writing dependency_links to my_robot_controller.egg-info/dependency_links.txt
[0.398s] writing entry points to my_robot_controller.egg-info/entry_points.txt
[0.398s] writing requirements to my_robot_controller.egg-info/requires.txt
[0.398s] writing top-level names to my_robot_controller.egg-info/top_level.txt
[0.399s] reading manifest file 'my_robot_controller.egg-info/SOURCES.txt'
[0.399s] writing manifest file 'my_robot_controller.egg-info/SOURCES.txt'
[0.400s] running build_ext
[0.400s] Creating /home/cyberdev/ros2_ws/install/my_robot_controller/lib/python3.10/site-packages/my-robot-controller.egg-link (link to .)
[0.401s] Installing test_node script to /home/cyberdev/ros2_ws/install/my_robot_controller/lib/my_robot_controller
[0.401s] 
[0.401s] Installed /home/cyberdev/ros2_ws/build/my_robot_controller
[0.401s] running symlink_data
[0.401s] symbolically linking /home/cyberdev/ros2_ws/build/my_robot_controller/resource/my_robot_controller -> /home/cyberdev/ros2_ws/install/my_robot_controller/share/ament_index/resource_index/packages
[0.401s] symbolically linking /home/cyberdev/ros2_ws/build/my_robot_controller/package.xml -> /home/cyberdev/ros2_ws/install/my_robot_controller/share/my_robot_controller
[0.414s] Invoked command in '/home/cyberdev/ros2_ws/build/my_robot_controller' returned '0': PYTHONPATH=/home/cyberdev/ros2_ws/build/my_robot_controller/prefix_override:/usr/lib/python3/dist-packages/colcon_core/task/python/colcon_distutils_commands:/home/cyberdev/ros2_ws/install/my_robot_controller/lib/python3.10/site-packages:${PYTHONPATH} /usr/bin/python3 -W ignore:setup.py install is deprecated setup.py develop --editable --build-directory /home/cyberdev/ros2_ws/build/my_robot_controller/build --no-deps symlink_data --force
