[0.239s] Invoking command in '/home/cyberdev/ros2_ws/src/my_robot_controller': PYTHONPATH=/home/cyberdev/ros2_ws/build/my_robot_controller/prefix_override:/usr/lib/python3/dist-packages/colcon_core/task/python/colcon_distutils_commands:/home/cyberdev/ros2_ws/install/my_robot_controller/lib/python3.10/site-packages:${PYTHONPATH} /usr/bin/python3 -W ignore:setup.py install is deprecated setup.py egg_info --egg-base ../../build/my_robot_controller build --build-base /home/cyberdev/ros2_ws/build/my_robot_controller/build install --record /home/cyberdev/ros2_ws/build/my_robot_controller/install.log --single-version-externally-managed install_data
[0.328s] running egg_info
[0.328s] writing ../../build/my_robot_controller/my_robot_controller.egg-info/PKG-INFO
[0.329s] writing dependency_links to ../../build/my_robot_controller/my_robot_controller.egg-info/dependency_links.txt
[0.329s] writing entry points to ../../build/my_robot_controller/my_robot_controller.egg-info/entry_points.txt
[0.329s] writing requirements to ../../build/my_robot_controller/my_robot_controller.egg-info/requires.txt
[0.329s] writing top-level names to ../../build/my_robot_controller/my_robot_controller.egg-info/top_level.txt
[0.330s] reading manifest file '../../build/my_robot_controller/my_robot_controller.egg-info/SOURCES.txt'
[0.330s] writing manifest file '../../build/my_robot_controller/my_robot_controller.egg-info/SOURCES.txt'
[0.330s] running build
[0.330s] running build_py
[0.331s] running install
[0.331s] running install_lib
[0.331s] running install_data
[0.331s] running install_egg_info
[0.334s] removing '/home/cyberdev/ros2_ws/install/my_robot_controller/lib/python3.10/site-packages/my_robot_controller-0.0.0-py3.10.egg-info' (and everything under it)
[0.334s] Copying ../../build/my_robot_controller/my_robot_controller.egg-info to /home/cyberdev/ros2_ws/install/my_robot_controller/lib/python3.10/site-packages/my_robot_controller-0.0.0-py3.10.egg-info
[0.334s] running install_scripts
[0.342s] Installing test_node script to /home/cyberdev/ros2_ws/install/my_robot_controller/lib/my_robot_controller
[0.343s] writing list of installed files to '/home/cyberdev/ros2_ws/build/my_robot_controller/install.log'
[0.353s] Invoked command in '/home/cyberdev/ros2_ws/src/my_robot_controller' returned '0': PYTHONPATH=/home/cyberdev/ros2_ws/build/my_robot_controller/prefix_override:/usr/lib/python3/dist-packages/colcon_core/task/python/colcon_distutils_commands:/home/cyberdev/ros2_ws/install/my_robot_controller/lib/python3.10/site-packages:${PYTHONPATH} /usr/bin/python3 -W ignore:setup.py install is deprecated setup.py egg_info --egg-base ../../build/my_robot_controller build --build-base /home/cyberdev/ros2_ws/build/my_robot_controller/build install --record /home/cyberdev/ros2_ws/build/my_robot_controller/install.log --single-version-externally-managed install_data
