[0.332s] Invoking command in '/home/cyberdev/ros2_ws/src/my_robot_controller': PYTHONPATH=/home/cyberdev/ros2_ws/build/my_robot_controller/prefix_override:/usr/lib/python3/dist-packages/colcon_core/task/python/colcon_distutils_commands:/home/cyberdev/ros2_ws/install/my_robot_controller/lib/python3.10/site-packages:${PYTHONPATH} /usr/bin/python3 -W ignore:setup.py install is deprecated setup.py egg_info --egg-base ../../build/my_robot_controller build --build-base /home/cyberdev/ros2_ws/build/my_robot_controller/build install --record /home/cyberdev/ros2_ws/build/my_robot_controller/install.log --single-version-externally-managed install_data
[0.419s] running egg_info
[0.419s] creating ../../build/my_robot_controller/my_robot_controller.egg-info
[0.419s] writing ../../build/my_robot_controller/my_robot_controller.egg-info/PKG-INFO
[0.420s] writing dependency_links to ../../build/my_robot_controller/my_robot_controller.egg-info/dependency_links.txt
[0.420s] writing entry points to ../../build/my_robot_controller/my_robot_controller.egg-info/entry_points.txt
[0.420s] writing requirements to ../../build/my_robot_controller/my_robot_controller.egg-info/requires.txt
[0.420s] writing top-level names to ../../build/my_robot_controller/my_robot_controller.egg-info/top_level.txt
[0.420s] writing manifest file '../../build/my_robot_controller/my_robot_controller.egg-info/SOURCES.txt'
[0.420s] reading manifest file '../../build/my_robot_controller/my_robot_controller.egg-info/SOURCES.txt'
[0.421s] writing manifest file '../../build/my_robot_controller/my_robot_controller.egg-info/SOURCES.txt'
[0.421s] running build
[0.421s] running build_py
[0.421s] creating /home/cyberdev/ros2_ws/build/my_robot_controller/build
[0.421s] creating /home/cyberdev/ros2_ws/build/my_robot_controller/build/lib
[0.421s] creating /home/cyberdev/ros2_ws/build/my_robot_controller/build/lib/my_robot_controller
[0.421s] copying my_robot_controller/__init__.py -> /home/cyberdev/ros2_ws/build/my_robot_controller/build/lib/my_robot_controller
[0.421s] running install
[0.421s] running install_lib
[0.422s] creating /home/cyberdev/ros2_ws/install/my_robot_controller/lib/python3.10/site-packages/my_robot_controller
[0.422s] copying /home/cyberdev/ros2_ws/build/my_robot_controller/build/lib/my_robot_controller/__init__.py -> /home/cyberdev/ros2_ws/install/my_robot_controller/lib/python3.10/site-packages/my_robot_controller
[0.422s] byte-compiling /home/cyberdev/ros2_ws/install/my_robot_controller/lib/python3.10/site-packages/my_robot_controller/__init__.py to __init__.cpython-310.pyc
[0.422s] running install_data
[0.422s] creating /home/cyberdev/ros2_ws/install/my_robot_controller/share/ament_index
[0.422s] creating /home/cyberdev/ros2_ws/install/my_robot_controller/share/ament_index/resource_index
[0.422s] creating /home/cyberdev/ros2_ws/install/my_robot_controller/share/ament_index/resource_index/packages
[0.422s] copying resource/my_robot_controller -> /home/cyberdev/ros2_ws/install/my_robot_controller/share/ament_index/resource_index/packages
[0.423s] copying package.xml -> /home/cyberdev/ros2_ws/install/my_robot_controller/share/my_robot_controller
[0.423s] running install_egg_info
[0.423s] Copying ../../build/my_robot_controller/my_robot_controller.egg-info to /home/cyberdev/ros2_ws/install/my_robot_controller/lib/python3.10/site-packages/my_robot_controller-0.0.0-py3.10.egg-info
[0.424s] running install_scripts
[0.432s] writing list of installed files to '/home/cyberdev/ros2_ws/build/my_robot_controller/install.log'
[0.445s] Invoked command in '/home/cyberdev/ros2_ws/src/my_robot_controller' returned '0': PYTHONPATH=/home/cyberdev/ros2_ws/build/my_robot_controller/prefix_override:/usr/lib/python3/dist-packages/colcon_core/task/python/colcon_distutils_commands:/home/cyberdev/ros2_ws/install/my_robot_controller/lib/python3.10/site-packages:${PYTHONPATH} /usr/bin/python3 -W ignore:setup.py install is deprecated setup.py egg_info --egg-base ../../build/my_robot_controller build --build-base /home/cyberdev/ros2_ws/build/my_robot_controller/build install --record /home/cyberdev/ros2_ws/build/my_robot_controller/install.log --single-version-externally-managed install_data
